[2023-05-22 23:23:45] [WARNING]: 虚拟设备信息不存在, 将自动生成随机设备. 
[2023-05-22 23:23:53] [WARNING]: 登录需要滑条验证码, 请验证后重试. 
[2023-05-22 23:23:53] [WARNING]: 请选择提交滑块ticket方式: 
[2023-05-22 23:23:53] [WARNING]: 1. 自动提交 
[2023-05-22 23:23:53] [WARNING]: 2. 手动抓取提交 
[2023-05-22 23:23:53] [WARNING]: 请输入(1 - 2)： 
[2023-05-22 23:24:01] [WARNING]: 请前往该地址验证 -> https://ssl.captcha.qq.com/template/wireless_mqq_captcha.html?style=simple&aid=16&uin=2040155677&sid=2861141853744105736&cap_cd=DW82wlzC3SoroN19Ve2pKXQDJlFQ4jYsdhan1C5z0IqzjmOKaqhg4A**&clientype=1&apptype=2  
[2023-05-22 23:24:01] [WARNING]: 请输入ticket： (Enter 提交) 
[2023-05-22 23:24:53] [WARNING]: 登录需要滑条验证码, 请验证后重试. 
[2023-05-22 23:24:53] [WARNING]: 请选择提交滑块ticket方式: 
[2023-05-22 23:24:53] [WARNING]: 1. 自动提交 
[2023-05-22 23:24:53] [WARNING]: 2. 手动抓取提交 
[2023-05-22 23:24:53] [WARNING]: 请输入(1 - 2)： 
[2023-05-22 23:24:58] [WARNING]: 请前往该地址验证 -> https://captcha.go-cqhttp.org/captcha?id=9rWuZDCL&style=simple&aid=16&uin=2040155677&sid=8349020948815120708&cap_cd=JUBb60NW50-krXx211kesYuZ2AnDB7HgalyLBQly9041u_oFyaSAWA**&clientype=1&apptype=2  
[2023-05-22 23:25:14] [WARNING]: 登录失败: 登录失败，建议升级最新版本后重试，或通过问题反馈与我们联系。 Code: 45 
[2023-05-22 23:25:14] [WARNING]: 你的账号涉嫌违规被限制在非常用设备登录, 请在手机QQ登录并根据提示完成认证 
[2023-05-22 23:25:14] [WARNING]: 或使用 -update-protocol 升级到最新协议后重试 
[2023-05-22 23:26:43] [WARNING]: 登录需要滑条验证码, 请验证后重试. 
[2023-05-22 23:26:43] [WARNING]: 请选择提交滑块ticket方式: 
[2023-05-22 23:26:43] [WARNING]: 1. 自动提交 
[2023-05-22 23:26:43] [WARNING]: 2. 手动抓取提交 
[2023-05-22 23:26:43] [WARNING]: 请输入(1 - 2)： 
[2023-05-22 23:26:52] [WARNING]: 请前往该地址验证 -> https://captcha.go-cqhttp.org/captcha?id=QW23MCQ6&style=simple&aid=16&uin=2040155677&sid=8721133071344830899&cap_cd=KdsgK_I_4DBseTxKAsKeXNF3Z1xes4UqtBe9w5T8Kr2WCGkd4cLE9g**&clientype=1&apptype=2  
[2023-05-22 23:27:14] [WARNING]: 登录失败: 登录失败，建议升级最新版本后重试，或通过问题反馈与我们联系。 Code: 45 
[2023-05-22 23:27:14] [WARNING]: 你的账号涉嫌违规被限制在非常用设备登录, 请在手机QQ登录并根据提示完成认证 
[2023-05-22 23:27:14] [WARNING]: 或使用 -update-protocol 升级到最新协议后重试 
[2023-05-22 23:28:00] [WARNING]: 登录需要滑条验证码, 请验证后重试. 
[2023-05-22 23:28:00] [WARNING]: 请选择提交滑块ticket方式: 
[2023-05-22 23:28:00] [WARNING]: 1. 自动提交 
[2023-05-22 23:28:00] [WARNING]: 2. 手动抓取提交 
[2023-05-22 23:28:00] [WARNING]: 请输入(1 - 2)： 
[2023-05-22 23:28:06] [WARNING]: 请前往该地址验证 -> https://captcha.go-cqhttp.org/captcha?id=3lNdR9WI&style=simple&aid=16&uin=2905653899&sid=8197793346436696575&cap_cd=MEAP6O8QzZiRJAyUOk0GvT18Ku2HkgSK7wkzpfnkFYE97pJnvQ9Mvw**&clientype=1&apptype=2  
[2023-05-22 23:28:19] [WARNING]: 登录失败: 登录失败，建议升级最新版本后重试，或通过问题反馈与我们联系。 Code: 45 
[2023-05-22 23:28:19] [WARNING]: 你的账号涉嫌违规被限制在非常用设备登录, 请在手机QQ登录并根据提示完成认证 
[2023-05-22 23:28:19] [WARNING]: 或使用 -update-protocol 升级到最新协议后重试 
[2023-05-22 23:29:08] [WARNING]: 登录需要滑条验证码, 请验证后重试. 
[2023-05-22 23:29:08] [WARNING]: 请选择提交滑块ticket方式: 
[2023-05-22 23:29:08] [WARNING]: 1. 自动提交 
[2023-05-22 23:29:08] [WARNING]: 2. 手动抓取提交 
[2023-05-22 23:29:08] [WARNING]: 请输入(1 - 2)： 
[2023-05-22 23:29:11] [WARNING]: 请前往该地址验证 -> https://captcha.go-cqhttp.org/captcha?id=REvkOhaq&style=simple&aid=16&uin=1473584690&sid=3139270737398565443&cap_cd=e5Gp6bezpxWk3ceiOnWMsOqRvdiE2uBUafdE6ftXBaFDxl7woFlXsg**&clientype=1&apptype=2  
[2023-05-22 23:29:31] [WARNING]: 登录失败: 登录失败，建议升级最新版本后重试，或通过问题反馈与我们联系。 Code: 45 
[2023-05-22 23:29:31] [WARNING]: 你的账号涉嫌违规被限制在非常用设备登录, 请在手机QQ登录并根据提示完成认证 
[2023-05-22 23:29:31] [WARNING]: 或使用 -update-protocol 升级到最新协议后重试 
[2023-05-22 23:30:16] [WARNING]: 登录需要滑条验证码, 请验证后重试. 
[2023-05-22 23:30:16] [WARNING]: 请选择提交滑块ticket方式: 
[2023-05-22 23:30:16] [WARNING]: 1. 自动提交 
[2023-05-22 23:30:16] [WARNING]: 2. 手动抓取提交 
[2023-05-22 23:30:16] [WARNING]: 请输入(1 - 2)： 
[2023-05-22 23:30:18] [WARNING]: 请前往该地址验证 -> https://captcha.go-cqhttp.org/captcha?id=q2jRP8Jf&style=simple&aid=16&uin=1473584690&sid=8960998361942166151&cap_cd=wgCksxvQ-5EiSxgs7WPIKt-NOEbLSIpkDQsjOvEYeP-rrsGeWCYlpA**&clientype=1&apptype=2  
[2023-05-22 23:30:36] [WARNING]: 登录失败: 登录失败，建议升级最新版本后重试，或通过问题反馈与我们联系。 Code: 45 
[2023-05-22 23:30:36] [WARNING]: 你的账号涉嫌违规被限制在非常用设备登录, 请在手机QQ登录并根据提示完成认证 
[2023-05-22 23:30:36] [WARNING]: 或使用 -update-protocol 升级到最新协议后重试 
[2023-05-22 23:32:29] [WARNING]: 账号密码未配置, 将使用二维码登录. 
[2023-05-22 23:32:29] [WARNING]: 将在 5秒 后继续. 
[2023-05-22 23:32:39] [WARNING]: 当前协议不支持二维码登录, 请配置账号密码登录. 
[2023-05-22 23:34:54] [WARNING]: 登录需要滑条验证码, 请验证后重试. 
[2023-05-22 23:34:54] [WARNING]: 请选择提交滑块ticket方式: 
[2023-05-22 23:34:54] [WARNING]: 1. 自动提交 
[2023-05-22 23:34:54] [WARNING]: 2. 手动抓取提交 
[2023-05-22 23:34:54] [WARNING]: 请输入(1 - 2)： 
[2023-05-22 23:35:11] [WARNING]: 请前往该地址验证 -> https://ssl.captcha.qq.com/template/wireless_mqq_captcha.html?style=simple&aid=16&uin=1473584690&sid=1361604213333527453&cap_cd=xpvB52DokmK7ZgyW_q1u_R67UlODX3eaw7NvJvx9_T2UhocVVdDs3g**&clientype=1&apptype=2  
[2023-05-22 23:35:11] [WARNING]: 请输入ticket： (Enter 提交) 
[2023-05-22 23:36:03] [WARNING]: 登录需要滑条验证码, 请验证后重试. 
[2023-05-22 23:36:03] [WARNING]: 请选择提交滑块ticket方式: 
[2023-05-22 23:36:03] [WARNING]: 1. 自动提交 
[2023-05-22 23:36:03] [WARNING]: 2. 手动抓取提交 
[2023-05-22 23:36:03] [WARNING]: 请输入(1 - 2)： 
[2023-05-22 23:36:14] [WARNING]: 请前往该地址验证 -> https://ssl.captcha.qq.com/template/wireless_mqq_captcha.html?style=simple&aid=16&uin=1473584690&sid=7858392317603580898&cap_cd=jQn1816N72rDRs9lYKJBMMdfphxKsl45ZlzzySxUupYE5HSgYbT4hw**&clientype=1&apptype=2  
[2023-05-22 23:36:14] [WARNING]: 请输入ticket： (Enter 提交) 
[2023-05-22 23:36:28] [WARNING]: 登录需要滑条验证码, 请验证后重试. 
[2023-05-22 23:36:28] [WARNING]: 请选择提交滑块ticket方式: 
[2023-05-22 23:36:28] [WARNING]: 1. 自动提交 
[2023-05-22 23:36:28] [WARNING]: 2. 手动抓取提交 
[2023-05-22 23:36:28] [WARNING]: 请输入(1 - 2)： 
[2023-05-22 23:36:35] [WARNING]: 请前往该地址验证 -> https://captcha.go-cqhttp.org/captcha?id=MF5SKddi&style=simple&aid=16&uin=1473584690&sid=2808377257094777851&cap_cd=Gm1au4GuJV6DLXY5TBgsAf6nIheCZXJ0rj20N0bldxem39_euQG0WA**&clientype=1&apptype=2  
[2023-05-22 23:36:47] [WARNING]: 登录失败: 当前网络不稳定，登录失败。推荐使用常用设备或通过手机号登录。 Code: 237 
[2023-05-22 23:36:47] [WARNING]: 登录过于频繁, 请在手机QQ登录并根据提示完成认证后等一段时间重试 
[2023-05-22 23:37:26] [WARNING]: 账号密码未配置, 将使用二维码登录. 
[2023-05-22 23:37:26] [WARNING]: 将在 5秒 后继续. 
[2023-05-22 23:37:37] [WARNING]: 当前协议不支持二维码登录, 请配置账号密码登录. 
[2023-05-22 23:37:59] [WARNING]: 登录需要滑条验证码, 请验证后重试. 
[2023-05-22 23:37:59] [WARNING]: 请选择提交滑块ticket方式: 
[2023-05-22 23:37:59] [WARNING]: 1. 自动提交 
[2023-05-22 23:37:59] [WARNING]: 2. 手动抓取提交 
[2023-05-22 23:37:59] [WARNING]: 请输入(1 - 2)： 
[2023-05-22 23:38:03] [WARNING]: 请前往该地址验证 -> https://ssl.captcha.qq.com/template/wireless_mqq_captcha.html?style=simple&aid=16&uin=2905653899&sid=8334614928424668246&cap_cd=peLnvTz9gh1wT-uzz2Kdp4vz8U8ZTB-VpW6Qfx10eZE5DzofR22rYQ**&clientype=1&apptype=2  
[2023-05-22 23:38:03] [WARNING]: 请输入ticket： (Enter 提交) 
[2023-05-22 23:40:09] [WARNING]: 登录需要滑条验证码, 请验证后重试. 
[2023-05-22 23:40:09] [WARNING]: 请选择提交滑块ticket方式: 
[2023-05-22 23:40:09] [WARNING]: 1. 自动提交 
[2023-05-22 23:40:09] [WARNING]: 2. 手动抓取提交 
[2023-05-22 23:40:09] [WARNING]: 请输入(1 - 2)： 
[2023-05-22 23:40:11] [WARNING]: 请前往该地址验证 -> https://captcha.go-cqhttp.org/captcha?id=4bWG1OUM&style=simple&aid=16&uin=2905653899&sid=348000379678199000&cap_cd=TXhhow_OC63s6Y4gaxt-gVNwH4r9W82dQM6Hb_E_tEQqZ7Gz_oJGhA**&clientype=1&apptype=2  
[2023-05-22 23:40:22] [WARNING]: 登录失败: 当前网络不稳定，登录失败。推荐使用常用设备或通过手机号登录。 Code: 237 
[2023-05-22 23:40:22] [WARNING]: 登录过于频繁, 请在手机QQ登录并根据提示完成认证后等一段时间重试 
[2023-05-22 23:41:06] [WARNING]: 检查协议更新失败: Get "https://ghproxy.com/https://raw.githubusercontent.com/RomiChan/protocol-versions/master/android_pad.json": context deadline exceeded (Client.Timeout exceeded while awaiting headers) 
[2023-05-22 23:41:06] [WARNING]: 登录需要滑条验证码, 请验证后重试. 
[2023-05-22 23:41:06] [WARNING]: 请选择提交滑块ticket方式: 
[2023-05-22 23:41:06] [WARNING]: 1. 自动提交 
[2023-05-22 23:41:06] [WARNING]: 2. 手动抓取提交 
[2023-05-22 23:41:06] [WARNING]: 请输入(1 - 2)： 
[2023-05-22 23:41:12] [WARNING]: 请前往该地址验证 -> https://captcha.go-cqhttp.org/captcha?id=IbgTdcLj&style=simple&aid=16&uin=623128073&sid=4310845555554880785&cap_cd=eNT4uls3gjWW-PCqQcXGZs65M2Xcmq3h7_xxucHp9_x2pj_XtFclew**&clientype=1&apptype=2  
[2023-05-22 23:41:25] [WARNING]: 登录失败: 当前网络不稳定，登录失败。推荐使用常用设备或通过手机号登录。 Code: 237 
[2023-05-22 23:41:25] [WARNING]: 登录过于频繁, 请在手机QQ登录并根据提示完成认证后等一段时间重试 
[2023-05-22 23:47:10] [WARNING]: 检查协议更新失败: Get "https://ghproxy.com/https://raw.githubusercontent.com/RomiChan/protocol-versions/master/android_pad.json": context deadline exceeded (Client.Timeout exceeded while awaiting headers) 
[2023-05-22 23:47:11] [WARNING]: 登录需要滑条验证码, 请验证后重试. 
[2023-05-22 23:47:11] [WARNING]: 请选择提交滑块ticket方式: 
[2023-05-22 23:47:11] [WARNING]: 1. 自动提交 
[2023-05-22 23:47:11] [WARNING]: 2. 手动抓取提交 
[2023-05-22 23:47:11] [WARNING]: 请输入(1 - 2)： 
[2023-05-22 23:47:19] [WARNING]: 请前往该地址验证 -> https://captcha.go-cqhttp.org/captcha?id=lSLtP6EY&style=simple&aid=16&uin=623128073&sid=1351215632337309310&cap_cd=e85pSWXeZYmNNjr8gho3AdWDzStY8NFmipNu4jg3eiafoog9mu71-A**&clientype=1&apptype=2  
[2023-05-22 23:47:35] [WARNING]: 登录失败: 登录失败，建议升级最新版本后重试，或通过问题反馈与我们联系。 Code: 45 
[2023-05-22 23:47:35] [WARNING]: 你的账号涉嫌违规被限制在非常用设备登录, 请在手机QQ登录并根据提示完成认证 
[2023-05-22 23:47:35] [WARNING]: 或使用 -update-protocol 升级到最新协议后重试 
[2023-05-22 23:51:41] [WARNING]: 登录需要滑条验证码, 请验证后重试. 
[2023-05-22 23:51:41] [WARNING]: 请选择提交滑块ticket方式: 
[2023-05-22 23:51:41] [WARNING]: 1. 自动提交 
[2023-05-22 23:51:41] [WARNING]: 2. 手动抓取提交 
[2023-05-22 23:51:41] [WARNING]: 请输入(1 - 2)： 
[2023-05-22 23:51:43] [WARNING]: 请前往该地址验证 -> https://captcha.go-cqhttp.org/captcha?id=BXEClfeC&style=simple&aid=16&uin=623128073&sid=675431944542719884&cap_cd=nS7VkuiNURF4qpRAfzmpk5u9pCfqrm5a899ztWMfcL6qYGpuy0mL0Q**&clientype=1&apptype=2  
[2023-05-22 23:52:04] [WARNING]: 账号已开启设备锁，请选择验证方式: 
[2023-05-22 23:52:04] [WARNING]: 1. 向手机 155*******1 发送短信验证码 
[2023-05-22 23:52:04] [WARNING]: 2. 使用手机QQ扫码验证. 
[2023-05-22 23:52:04] [WARNING]: 请输入(1 - 2)： 
[2023-05-22 23:52:16] [WARNING]: 请输入短信验证码： (Enter 提交) 
[2023-05-22 23:53:34] [WARNING]: 获取消息时出现错误: get value error: leveldb: not found 
[2023-05-22 23:53:35] [WARNING]: 获取消息时出现错误: get value error: leveldb: not found 
[2023-05-22 23:54:17] [WARNING]: 获取消息时出现错误: get value error: leveldb: not found 
[2023-05-22 23:54:18] [WARNING]: 获取消息时出现错误: get value error: leveldb: not found 
[2023-05-22 23:55:31] [WARNING]: 获取消息时出现错误: get value error: leveldb: not found 
[2023-05-22 23:57:16] [WARNING]: 获取消息时出现错误: get value error: leveldb: not found 
[2023-05-22 23:58:45] [WARNING]: 转换消息 [CQ:image,file=https://www.diving-fish.com/covers/0834.png] 到MiraiGo Element时出现错误: context deadline exceeded (Client.Timeout or context cancellation while reading body). 
[2023-05-22 19:35:53] [WARNING]: Protocol -> device lock is disable. http api may fail. 
[2023-05-22 19:38:32] [WARNING]: Protocol -> device lock is disable. http api may fail. 
[2023-05-22 19:40:10] [WARNING]: 监听反向WS Universal时出现错误: read tcp 127.0.0.1:58366->127.0.0.1:10219: read: connection reset by peer 
[2023-05-22 19:40:14] [WARNING]: 向反向WS Universal服务器推送 Event 时出现错误: write tcp 127.0.0.1:58366->127.0.0.1:10219: use of closed network connection 
[2023-05-22 19:40:17] [WARNING]: 连接到反向WebSocket Universal服务器 ws://127.0.0.1:10219/onebot/v11/ws 时出现错误: dial tcp 127.0.0.1:10219: connect: connection refused 
[2023-05-22 19:41:50] [WARNING]: Protocol -> device lock is disable. http api may fail. 
[2023-05-22 19:46:56] [WARNING]: 监听反向WS Universal时出现错误: read tcp 127.0.0.1:52144->127.0.0.1:10219: read: connection reset by peer 
[2023-05-22 19:46:57] [WARNING]: 向反向WS Universal服务器推送 Event 时出现错误: write tcp 127.0.0.1:52144->127.0.0.1:10219: write: broken pipe 
[2023-05-22 19:47:00] [WARNING]: 连接到反向WebSocket Universal服务器 ws://127.0.0.1:10219/onebot/v11/ws 时出现错误: dial tcp 127.0.0.1:10219: connect: connection refused 
[2023-05-22 19:48:52] [WARNING]: Protocol -> device lock is disable. http api may fail. 
[2023-05-22 19:48:59] [WARNING]: 警告: 长消息延迟为 1132ms, 大于 1000ms, 可能导致无法接收/发送长消息的情况, 请检查本地网络状态. 
